0 info it worked if it ends with ok
1 verbose cli [ 'node', '/usr/local/bin/npm', 'publish' ]
2 info using npm@1.4.3
3 info using node@v0.10.26
4 verbose publish [ '.' ]
5 verbose cache add [ '.', null ]
6 verbose cache add name=undefined spec="." args=[".",null]
7 verbose parsed url { protocol: null,
7 verbose parsed url   slashes: null,
7 verbose parsed url   auth: null,
7 verbose parsed url   host: null,
7 verbose parsed url   port: null,
7 verbose parsed url   hostname: null,
7 verbose parsed url   hash: null,
7 verbose parsed url   search: null,
7 verbose parsed url   query: null,
7 verbose parsed url   pathname: '.',
7 verbose parsed url   path: '.',
7 verbose parsed url   href: '.' }
8 silly lockFile 3a52ce78- .
9 verbose lock . /Users/craig/.npm/3a52ce78-.lock
10 verbose tar pack [ '/var/folders/n1/r96x64mx6jzcbzkbz1ddrw6r0000gn/T/npm-85999-bX2JDq46/1401511554968-0.15273144654929638/tmp.tgz',
10 verbose tar pack   '.' ]
11 verbose tarball /var/folders/n1/r96x64mx6jzcbzkbz1ddrw6r0000gn/T/npm-85999-bX2JDq46/1401511554968-0.15273144654929638/tmp.tgz
12 verbose folder .
13 info prepublish mojo-docs@0.0.1
14 silly lockFile 1f1177db-tar tar://.
15 verbose lock tar://. /Users/craig/.npm/1f1177db-tar.lock
16 silly lockFile 2d261cec-4968-0-15273144654929638-tmp-tgz tar:///var/folders/n1/r96x64mx6jzcbzkbz1ddrw6r0000gn/T/npm-85999-bX2JDq46/1401511554968-0.15273144654929638/tmp.tgz
17 verbose lock tar:///var/folders/n1/r96x64mx6jzcbzkbz1ddrw6r0000gn/T/npm-85999-bX2JDq46/1401511554968-0.15273144654929638/tmp.tgz /Users/craig/.npm/2d261cec-4968-0-15273144654929638-tmp-tgz.lock
18 silly lockFile 1f1177db-tar tar://.
19 silly lockFile 1f1177db-tar tar://.
20 silly lockFile 2d261cec-4968-0-15273144654929638-tmp-tgz tar:///var/folders/n1/r96x64mx6jzcbzkbz1ddrw6r0000gn/T/npm-85999-bX2JDq46/1401511554968-0.15273144654929638/tmp.tgz
21 silly lockFile 2d261cec-4968-0-15273144654929638-tmp-tgz tar:///var/folders/n1/r96x64mx6jzcbzkbz1ddrw6r0000gn/T/npm-85999-bX2JDq46/1401511554968-0.15273144654929638/tmp.tgz
22 verbose tar unpack /var/folders/n1/r96x64mx6jzcbzkbz1ddrw6r0000gn/T/npm-85999-bX2JDq46/1401511554968-0.15273144654929638/tmp.tgz
23 silly lockFile 1bea7f46-4968-0-15273144654929638-package tar:///var/folders/n1/r96x64mx6jzcbzkbz1ddrw6r0000gn/T/npm-85999-bX2JDq46/1401511554968-0.15273144654929638/package
24 verbose lock tar:///var/folders/n1/r96x64mx6jzcbzkbz1ddrw6r0000gn/T/npm-85999-bX2JDq46/1401511554968-0.15273144654929638/package /Users/craig/.npm/1bea7f46-4968-0-15273144654929638-package.lock
25 silly lockFile 2d261cec-4968-0-15273144654929638-tmp-tgz tar:///var/folders/n1/r96x64mx6jzcbzkbz1ddrw6r0000gn/T/npm-85999-bX2JDq46/1401511554968-0.15273144654929638/tmp.tgz
26 verbose lock tar:///var/folders/n1/r96x64mx6jzcbzkbz1ddrw6r0000gn/T/npm-85999-bX2JDq46/1401511554968-0.15273144654929638/tmp.tgz /Users/craig/.npm/2d261cec-4968-0-15273144654929638-tmp-tgz.lock
27 silly gunzTarPerm modes [ '755', '644' ]
28 silly gunzTarPerm extractEntry package.json
29 silly gunzTarPerm extractEntry .npmignore
30 silly gunzTarPerm extractEntry README.md
31 silly gunzTarPerm extractEntry articles/examples/todo-list/package.json
32 silly gunzTarPerm extractEntry articles/examples/todo-list/js/index.js
33 silly gunzTarPerm extractEntry articles/examples/todo-list/js/index.mpc
34 silly gunzTarPerm extractEntry articles/examples/todo-list/js/index.pc
35 silly gunzTarPerm extractEntry articles/examples/todo-list/js/models/todo.js
36 silly gunzTarPerm extractEntry articles/examples/todo-list/js/models/todos.js
37 silly gunzTarPerm extractEntry articles/examples/todo-list/js/views/todo.js
38 silly gunzTarPerm extractEntry articles/examples/todo-list/js/views/todos.js
39 silly gunzTarPerm extractEntry articles/examples/todo-list/js/views/index.less
40 silly gunzTarPerm extractEntry articles/examples/todo-list/js/views/todo.pc
41 silly gunzTarPerm extractEntry articles/examples/todo-list/js/views/todos.pc
42 silly gunzTarPerm extractEntry articles/routing/introduction/package.json
43 silly gunzTarPerm extractEntry articles/routing/introduction/article.md
44 silly gunzTarPerm extractEntry articles/syntax/bindable.Collection/package.json
45 silly gunzTarPerm extractEntry articles/syntax/bindable.Collection/article.md
46 silly gunzTarPerm extractEntry articles/syntax/bindable.Object/package.json
47 silly gunzTarPerm extractEntry articles/syntax/bindable.Object/article.md
48 silly gunzTarPerm extractEntry articles/templates/paperclip/introduction/package.json
49 silly gunzTarPerm extractEntry articles/templates/paperclip/introduction/article.md
50 silly gunzTarPerm extractEntry articles/testing/e2e tests/package.json
51 silly gunzTarPerm extractEntry articles/testing/e2e tests/article.md
52 silly gunzTarPerm extractEntry articles/testing/integration tests/package.json
53 silly gunzTarPerm extractEntry articles/testing/integration tests/article.md
54 silly gunzTarPerm extractEntry articles/testing/unit test/package.json
55 silly gunzTarPerm extractEntry articles/testing/unit test/article.md
56 silly gunzTarPerm extractEntry articles/views/introduction/package.json
57 silly gunzTarPerm extractEntry articles/views/introduction/article.md
58 silly gunzTarPerm extractEntry delicorice.json
59 silly gunzTarPerm extractEntry lang/en.json
60 silly gunzTarPerm extractEntry lib/index.js
61 silly gunzTarPerm extractEntry lib/logger.js
62 silly gunzTarPerm extractEntry lib/articles/examples/todo-list/package.json
63 silly gunzTarPerm extractEntry lib/articles/examples/todo-list/js/index.js
64 silly gunzTarPerm extractEntry lib/articles/examples/todo-list/js/index.mpc
65 silly gunzTarPerm extractEntry lib/articles/examples/todo-list/js/index.pc
66 silly gunzTarPerm extractEntry lib/articles/examples/todo-list/js/models/todo.js
67 silly gunzTarPerm extractEntry lib/articles/examples/todo-list/js/models/todos.js
68 silly gunzTarPerm extractEntry lib/articles/examples/todo-list/js/views/todo.js
69 silly gunzTarPerm extractEntry lib/articles/examples/todo-list/js/views/todos.js
70 silly gunzTarPerm extractEntry lib/articles/examples/todo-list/js/views/index.less
71 silly gunzTarPerm extractEntry lib/articles/examples/todo-list/js/views/todo.pc
72 silly gunzTarPerm extractEntry lib/articles/examples/todo-list/js/views/todos.pc
73 silly gunzTarPerm extractEntry lib/articles/routing/introduction/package.json
74 silly gunzTarPerm extractEntry lib/articles/routing/introduction/article.md
75 silly gunzTarPerm extractEntry lib/articles/syntax/bindable.Collection/package.json
76 silly gunzTarPerm extractEntry lib/articles/syntax/bindable.Collection/article.md
77 silly gunzTarPerm extractEntry lib/articles/syntax/bindable.Object/package.json
78 silly gunzTarPerm extractEntry lib/articles/syntax/bindable.Object/article.md
79 silly gunzTarPerm extractEntry lib/articles/templates/paperclip/introduction/package.json
80 silly gunzTarPerm extractEntry lib/articles/templates/paperclip/introduction/article.md
81 silly gunzTarPerm extractEntry lib/articles/views/introduction/package.json
82 silly gunzTarPerm extractEntry lib/articles/views/introduction/article.md
83 silly gunzTarPerm extractEntry lib/packages/api/index.js
84 silly gunzTarPerm extractEntry lib/packages/articles/article.js
85 silly gunzTarPerm extractEntry lib/packages/articles/articles.js
86 silly gunzTarPerm extractEntry lib/packages/articles/index.js
87 silly gunzTarPerm extractEntry lib/packages/articles/loader/index.js
88 silly gunzTarPerm extractEntry lib/packages/front/index.js
89 silly gunzTarPerm extractEntry lib/packages/front/public/css/bootstrap.min.less
90 silly gunzTarPerm extractEntry lib/packages/front/public/css/global.less
91 silly gunzTarPerm extractEntry lib/packages/front/public/css/highlight.less
92 silly gunzTarPerm extractEntry lib/packages/front/public/index.html
93 silly gunzTarPerm extractEntry lib/packages/front/public/js/application.js
94 silly gunzTarPerm extractEntry lib/packages/front/public/js/index.js
95 silly gunzTarPerm extractEntry lib/packages/front/public/js/commands/index.js
96 silly gunzTarPerm extractEntry lib/packages/front/public/js/models/article.js
97 silly gunzTarPerm extractEntry lib/packages/front/public/js/models/articles.js
98 silly gunzTarPerm extractEntry lib/packages/front/public/js/models/categories.js
99 silly gunzTarPerm extractEntry lib/packages/front/public/js/models/category.js
100 silly gunzTarPerm extractEntry lib/packages/front/public/js/models/index.js
101 silly gunzTarPerm extractEntry lib/packages/front/public/js/models/base/collection.js
102 silly gunzTarPerm extractEntry lib/packages/front/public/js/models/base/model.js
103 silly gunzTarPerm extractEntry lib/packages/front/public/js/models/base/decor/virtualize.js
104 silly gunzTarPerm extractEntry lib/packages/front/public/js/routes/index.js
105 silly gunzTarPerm extractEntry lib/packages/front/public/js/service/index.js
106 silly gunzTarPerm extractEntry lib/packages/front/public/js/template/index.js
107 silly gunzTarPerm extractEntry lib/packages/front/public/js/template/modifiers.js
108 silly gunzTarPerm extractEntry lib/packages/front/public/js/views/index.js
109 silly gunzTarPerm extractEntry lib/packages/front/public/js/views/main/index.js
110 silly gunzTarPerm extractEntry lib/packages/front/public/js/views/main/content/index.js
111 silly gunzTarPerm extractEntry lib/packages/front/public/js/views/main/content/index.pc
112 silly gunzTarPerm extractEntry lib/packages/front/public/js/views/main/content/pages/article/index.js
113 silly gunzTarPerm extractEntry lib/packages/front/public/js/views/main/content/pages/article/index.mpc
114 silly gunzTarPerm extractEntry lib/packages/front/public/js/views/main/content/pages/hello/index.js
115 silly gunzTarPerm extractEntry lib/packages/front/public/js/views/main/content/pages/hello/index.mpc
116 silly gunzTarPerm extractEntry lib/packages/front/public/js/views/main/index.less
117 silly gunzTarPerm extractEntry lib/packages/front/public/js/views/main/index.pc
118 silly gunzTarPerm extractEntry lib/packages/front/public/js/views/main/sidebar/index.js
119 silly gunzTarPerm extractEntry lib/packages/front/public/js/views/main/sidebar/allArticles/article.js
120 silly gunzTarPerm extractEntry lib/packages/front/public/js/views/main/sidebar/allArticles/index.js
121 silly gunzTarPerm extractEntry lib/packages/front/public/js/views/main/sidebar/allArticles/article.less
122 silly gunzTarPerm extractEntry lib/packages/front/public/js/views/main/sidebar/allArticles/article.pc
123 silly gunzTarPerm extractEntry lib/packages/front/public/js/views/main/sidebar/allArticles/index.less
124 silly gunzTarPerm extractEntry lib/packages/front/public/js/views/main/sidebar/allArticles/index.pc
125 silly gunzTarPerm extractEntry lib/packages/front/public/js/views/main/sidebar/categories/index.js
126 silly gunzTarPerm extractEntry lib/packages/front/public/js/views/main/sidebar/categories/category/index.js
127 silly gunzTarPerm extractEntry lib/packages/front/public/js/views/main/sidebar/categories/category/articles/index.js
128 silly gunzTarPerm extractEntry lib/packages/front/public/js/views/main/sidebar/categories/category/articles/article/index.js
129 silly gunzTarPerm extractEntry lib/packages/front/public/js/views/main/sidebar/categories/category/articles/article/index.less
130 silly gunzTarPerm extractEntry lib/packages/front/public/js/views/main/sidebar/categories/category/articles/article/index.pc
131 silly gunzTarPerm extractEntry lib/packages/front/public/js/views/main/sidebar/categories/category/articles/index.less
132 silly gunzTarPerm extractEntry lib/packages/front/public/js/views/main/sidebar/categories/category/articles/index.pc
133 silly gunzTarPerm extractEntry lib/packages/front/public/js/views/main/sidebar/categories/category/index.less
134 silly gunzTarPerm extractEntry lib/packages/front/public/js/views/main/sidebar/categories/category/index.pc
135 silly gunzTarPerm extractEntry lib/packages/front/public/js/views/main/sidebar/categories/index.less
136 silly gunzTarPerm extractEntry lib/packages/front/public/js/views/main/sidebar/categories/index.pc
137 silly gunzTarPerm extractEntry lib/packages/front/public/js/views/main/sidebar/index.less
138 silly gunzTarPerm extractEntry lib/packages/front/public/js/views/main/sidebar/index.pc
139 silly gunzTarPerm extractEntry lib/packages/front/public/js/views/main/sidebar/search/index.js
140 silly gunzTarPerm extractEntry lib/packages/front/public/js/views/main/sidebar/search/index.less
141 silly gunzTarPerm extractEntry lib/packages/front/public/js/views/main/sidebar/search/index.pc
142 silly gunzTarPerm extractEntry lib/packages/front/public/vendor/bootstrap/css/bootstrap-theme.css
143 silly gunzTarPerm extractEntry lib/packages/front/public/vendor/bootstrap/css/bootstrap-theme.css.map
144 silly gunzTarPerm extractEntry lib/packages/front/public/vendor/bootstrap/css/bootstrap-theme.min.css
145 silly gunzTarPerm extractEntry lib/packages/front/public/vendor/bootstrap/css/bootstrap.css
146 silly gunzTarPerm extractEntry lib/packages/front/public/vendor/bootstrap/css/bootstrap.css.map
147 silly gunzTarPerm extractEntry lib/packages/front/public/vendor/bootstrap/css/bootstrap.min.css
148 silly gunzTarPerm extractEntry lib/packages/front/public/vendor/bootstrap/fonts/glyphicons-halflings-regular.eot
149 silly gunzTarPerm extractEntry lib/packages/front/public/vendor/bootstrap/fonts/glyphicons-halflings-regular.svg
150 silly gunzTarPerm extractEntry lib/packages/front/public/vendor/bootstrap/fonts/glyphicons-halflings-regular.ttf
151 silly gunzTarPerm extractEntry lib/packages/front/public/vendor/bootstrap/fonts/glyphicons-halflings-regular.woff
152 silly gunzTarPerm extractEntry lib/packages/front/public/vendor/bootstrap/js/bootstrap.js
153 silly gunzTarPerm extractEntry lib/packages/front/public/vendor/bootstrap/js/bootstrap.min.js
154 silly gunzTarPerm extractEntry lib/packages/front/public/vendor/css/lesshat.less
155 silly gunzTarPerm extractEntry lib/packages/front/public/vendor/js/jquery-1.11.0.min.js
156 silly gunzTarPerm extractEntry lib/packages/front/public/vendor/js/jquery.transit.js
157 silly gunzTarPerm extractEntry lib/packages/front/public/vendor/js/spin.min.js
158 silly gunzTarPerm extractEntry lib/packages/http.server/index.js
159 silly gunzTarPerm extractEntry lib/packages/models/index.js
160 silly gunzTarPerm extractEntry lib/utils/browserify/transform/index.js
161 silly gunzTarPerm extractEntry lib/utils/browserify/transform/markdown.js
162 silly gunzTarPerm extractEntry lib/utils/browserify/transform/paperclip.js
163 silly gunzTarPerm extractEntry lib/utils/browserify/transform/pcmarkdown.js
164 silly gunzTarPerm extractEntry lib/utils/marked/index.js
165 silly lockFile 1bea7f46-4968-0-15273144654929638-package tar:///var/folders/n1/r96x64mx6jzcbzkbz1ddrw6r0000gn/T/npm-85999-bX2JDq46/1401511554968-0.15273144654929638/package
166 silly lockFile 1bea7f46-4968-0-15273144654929638-package tar:///var/folders/n1/r96x64mx6jzcbzkbz1ddrw6r0000gn/T/npm-85999-bX2JDq46/1401511554968-0.15273144654929638/package
167 silly lockFile 2d261cec-4968-0-15273144654929638-tmp-tgz tar:///var/folders/n1/r96x64mx6jzcbzkbz1ddrw6r0000gn/T/npm-85999-bX2JDq46/1401511554968-0.15273144654929638/tmp.tgz
168 silly lockFile 2d261cec-4968-0-15273144654929638-tmp-tgz tar:///var/folders/n1/r96x64mx6jzcbzkbz1ddrw6r0000gn/T/npm-85999-bX2JDq46/1401511554968-0.15273144654929638/tmp.tgz
169 verbose tar pack [ '/Users/craig/.npm/mojo-docs/0.0.1/package.tgz',
169 verbose tar pack   '/var/folders/n1/r96x64mx6jzcbzkbz1ddrw6r0000gn/T/npm-85999-bX2JDq46/1401511554968-0.15273144654929638/package' ]
170 verbose tarball /Users/craig/.npm/mojo-docs/0.0.1/package.tgz
171 verbose folder /var/folders/n1/r96x64mx6jzcbzkbz1ddrw6r0000gn/T/npm-85999-bX2JDq46/1401511554968-0.15273144654929638/package
172 silly lockFile 1bea7f46-4968-0-15273144654929638-package tar:///var/folders/n1/r96x64mx6jzcbzkbz1ddrw6r0000gn/T/npm-85999-bX2JDq46/1401511554968-0.15273144654929638/package
173 verbose lock tar:///var/folders/n1/r96x64mx6jzcbzkbz1ddrw6r0000gn/T/npm-85999-bX2JDq46/1401511554968-0.15273144654929638/package /Users/craig/.npm/1bea7f46-4968-0-15273144654929638-package.lock
174 silly lockFile e7a1666c--npm-mojo-docs-0-0-1-package-tgz tar:///Users/craig/.npm/mojo-docs/0.0.1/package.tgz
175 verbose lock tar:///Users/craig/.npm/mojo-docs/0.0.1/package.tgz /Users/craig/.npm/e7a1666c--npm-mojo-docs-0-0-1-package-tgz.lock
176 silly lockFile 1bea7f46-4968-0-15273144654929638-package tar:///var/folders/n1/r96x64mx6jzcbzkbz1ddrw6r0000gn/T/npm-85999-bX2JDq46/1401511554968-0.15273144654929638/package
177 silly lockFile 1bea7f46-4968-0-15273144654929638-package tar:///var/folders/n1/r96x64mx6jzcbzkbz1ddrw6r0000gn/T/npm-85999-bX2JDq46/1401511554968-0.15273144654929638/package
178 silly lockFile e7a1666c--npm-mojo-docs-0-0-1-package-tgz tar:///Users/craig/.npm/mojo-docs/0.0.1/package.tgz
179 silly lockFile e7a1666c--npm-mojo-docs-0-0-1-package-tgz tar:///Users/craig/.npm/mojo-docs/0.0.1/package.tgz
180 silly lockFile 125cf2b7-raig-npm-mojo-docs-0-0-1-package /Users/craig/.npm/mojo-docs/0.0.1/package
181 verbose lock /Users/craig/.npm/mojo-docs/0.0.1/package /Users/craig/.npm/125cf2b7-raig-npm-mojo-docs-0-0-1-package.lock
182 silly lockFile 125cf2b7-raig-npm-mojo-docs-0-0-1-package /Users/craig/.npm/mojo-docs/0.0.1/package
183 silly lockFile 125cf2b7-raig-npm-mojo-docs-0-0-1-package /Users/craig/.npm/mojo-docs/0.0.1/package
184 verbose tar unpack /Users/craig/.npm/mojo-docs/0.0.1/package.tgz
185 silly lockFile 6b747e66-raig-npm-mojo-docs-0-0-1-package tar:///Users/craig/.npm/mojo-docs/0.0.1/package
186 verbose lock tar:///Users/craig/.npm/mojo-docs/0.0.1/package /Users/craig/.npm/6b747e66-raig-npm-mojo-docs-0-0-1-package.lock
187 silly lockFile e7a1666c--npm-mojo-docs-0-0-1-package-tgz tar:///Users/craig/.npm/mojo-docs/0.0.1/package.tgz
188 verbose lock tar:///Users/craig/.npm/mojo-docs/0.0.1/package.tgz /Users/craig/.npm/e7a1666c--npm-mojo-docs-0-0-1-package-tgz.lock
189 silly gunzTarPerm modes [ '755', '644' ]
190 silly gunzTarPerm extractEntry package.json
191 silly gunzTarPerm extractEntry .npmignore
192 silly gunzTarPerm extractEntry README.md
193 silly gunzTarPerm extractEntry articles/examples/todo-list/package.json
194 silly gunzTarPerm extractEntry articles/examples/todo-list/js/index.js
195 silly gunzTarPerm extractEntry articles/examples/todo-list/js/index.mpc
196 silly gunzTarPerm extractEntry articles/examples/todo-list/js/index.pc
197 silly gunzTarPerm extractEntry articles/examples/todo-list/js/models/todo.js
198 silly gunzTarPerm extractEntry articles/examples/todo-list/js/models/todos.js
199 silly gunzTarPerm extractEntry articles/examples/todo-list/js/views/todo.js
200 silly gunzTarPerm extractEntry articles/examples/todo-list/js/views/todos.js
201 silly gunzTarPerm extractEntry articles/examples/todo-list/js/views/index.less
202 silly gunzTarPerm extractEntry articles/examples/todo-list/js/views/todo.pc
203 silly gunzTarPerm extractEntry articles/examples/todo-list/js/views/todos.pc
204 silly gunzTarPerm extractEntry articles/routing/introduction/package.json
205 silly gunzTarPerm extractEntry articles/routing/introduction/article.md
206 silly gunzTarPerm extractEntry articles/syntax/bindable.Collection/package.json
207 silly gunzTarPerm extractEntry articles/syntax/bindable.Collection/article.md
208 silly gunzTarPerm extractEntry articles/syntax/bindable.Object/package.json
209 silly gunzTarPerm extractEntry articles/syntax/bindable.Object/article.md
210 silly gunzTarPerm extractEntry articles/templates/paperclip/introduction/package.json
211 silly gunzTarPerm extractEntry articles/templates/paperclip/introduction/article.md
212 silly gunzTarPerm extractEntry articles/testing/e2e tests/package.json
213 silly gunzTarPerm extractEntry articles/testing/e2e tests/article.md
214 silly gunzTarPerm extractEntry articles/testing/integration tests/package.json
215 silly gunzTarPerm extractEntry articles/testing/integration tests/article.md
216 silly gunzTarPerm extractEntry articles/testing/unit test/package.json
217 silly gunzTarPerm extractEntry articles/testing/unit test/article.md
218 silly gunzTarPerm extractEntry articles/views/introduction/package.json
219 silly gunzTarPerm extractEntry articles/views/introduction/article.md
220 silly gunzTarPerm extractEntry delicorice.json
221 silly gunzTarPerm extractEntry lang/en.json
222 silly gunzTarPerm extractEntry lib/index.js
223 silly gunzTarPerm extractEntry lib/logger.js
224 silly gunzTarPerm extractEntry lib/articles/examples/todo-list/package.json
225 silly gunzTarPerm extractEntry lib/articles/examples/todo-list/js/index.js
226 silly gunzTarPerm extractEntry lib/articles/examples/todo-list/js/index.mpc
227 silly gunzTarPerm extractEntry lib/articles/examples/todo-list/js/index.pc
228 silly gunzTarPerm extractEntry lib/articles/examples/todo-list/js/models/todo.js
229 silly gunzTarPerm extractEntry lib/articles/examples/todo-list/js/models/todos.js
230 silly gunzTarPerm extractEntry lib/articles/examples/todo-list/js/views/todo.js
231 silly gunzTarPerm extractEntry lib/articles/examples/todo-list/js/views/todos.js
232 silly gunzTarPerm extractEntry lib/articles/examples/todo-list/js/views/index.less
233 silly gunzTarPerm extractEntry lib/articles/examples/todo-list/js/views/todo.pc
234 silly gunzTarPerm extractEntry lib/articles/examples/todo-list/js/views/todos.pc
235 silly gunzTarPerm extractEntry lib/articles/routing/introduction/package.json
236 silly gunzTarPerm extractEntry lib/articles/routing/introduction/article.md
237 silly gunzTarPerm extractEntry lib/articles/syntax/bindable.Collection/package.json
238 silly gunzTarPerm extractEntry lib/articles/syntax/bindable.Collection/article.md
239 silly gunzTarPerm extractEntry lib/articles/syntax/bindable.Object/package.json
240 silly gunzTarPerm extractEntry lib/articles/syntax/bindable.Object/article.md
241 silly gunzTarPerm extractEntry lib/articles/templates/paperclip/introduction/package.json
242 silly gunzTarPerm extractEntry lib/articles/templates/paperclip/introduction/article.md
243 silly gunzTarPerm extractEntry lib/articles/views/introduction/package.json
244 silly gunzTarPerm extractEntry lib/articles/views/introduction/article.md
245 silly gunzTarPerm extractEntry lib/packages/api/index.js
246 silly gunzTarPerm extractEntry lib/packages/articles/article.js
247 silly gunzTarPerm extractEntry lib/packages/articles/articles.js
248 silly gunzTarPerm extractEntry lib/packages/articles/index.js
249 silly gunzTarPerm extractEntry lib/packages/articles/loader/index.js
250 silly gunzTarPerm extractEntry lib/packages/front/index.js
251 silly gunzTarPerm extractEntry lib/packages/front/public/css/bootstrap.min.less
252 silly gunzTarPerm extractEntry lib/packages/front/public/css/global.less
253 silly gunzTarPerm extractEntry lib/packages/front/public/css/highlight.less
254 silly gunzTarPerm extractEntry lib/packages/front/public/index.html
255 silly gunzTarPerm extractEntry lib/packages/front/public/js/application.js
256 silly gunzTarPerm extractEntry lib/packages/front/public/js/index.js
257 silly gunzTarPerm extractEntry lib/packages/front/public/js/commands/index.js
258 silly gunzTarPerm extractEntry lib/packages/front/public/js/models/article.js
259 silly gunzTarPerm extractEntry lib/packages/front/public/js/models/articles.js
260 silly gunzTarPerm extractEntry lib/packages/front/public/js/models/categories.js
261 silly gunzTarPerm extractEntry lib/packages/front/public/js/models/category.js
262 silly gunzTarPerm extractEntry lib/packages/front/public/js/models/index.js
263 silly gunzTarPerm extractEntry lib/packages/front/public/js/models/base/collection.js
264 silly gunzTarPerm extractEntry lib/packages/front/public/js/models/base/model.js
265 silly gunzTarPerm extractEntry lib/packages/front/public/js/models/base/decor/virtualize.js
266 silly gunzTarPerm extractEntry lib/packages/front/public/js/routes/index.js
267 silly gunzTarPerm extractEntry lib/packages/front/public/js/service/index.js
268 silly gunzTarPerm extractEntry lib/packages/front/public/js/template/index.js
269 silly gunzTarPerm extractEntry lib/packages/front/public/js/template/modifiers.js
270 silly gunzTarPerm extractEntry lib/packages/front/public/js/views/index.js
271 silly gunzTarPerm extractEntry lib/packages/front/public/js/views/main/index.js
272 silly gunzTarPerm extractEntry lib/packages/front/public/js/views/main/content/index.js
273 silly gunzTarPerm extractEntry lib/packages/front/public/js/views/main/content/index.pc
274 silly gunzTarPerm extractEntry lib/packages/front/public/js/views/main/content/pages/article/index.js
275 silly gunzTarPerm extractEntry lib/packages/front/public/js/views/main/content/pages/article/index.mpc
276 silly gunzTarPerm extractEntry lib/packages/front/public/js/views/main/content/pages/hello/index.js
277 silly gunzTarPerm extractEntry lib/packages/front/public/js/views/main/content/pages/hello/index.mpc
278 silly gunzTarPerm extractEntry lib/packages/front/public/js/views/main/index.less
279 silly gunzTarPerm extractEntry lib/packages/front/public/js/views/main/index.pc
280 silly gunzTarPerm extractEntry lib/packages/front/public/js/views/main/sidebar/index.js
281 silly gunzTarPerm extractEntry lib/packages/front/public/js/views/main/sidebar/allArticles/article.js
282 silly gunzTarPerm extractEntry lib/packages/front/public/js/views/main/sidebar/allArticles/index.js
283 silly gunzTarPerm extractEntry lib/packages/front/public/js/views/main/sidebar/allArticles/article.less
284 silly gunzTarPerm extractEntry lib/packages/front/public/js/views/main/sidebar/allArticles/article.pc
285 silly gunzTarPerm extractEntry lib/packages/front/public/js/views/main/sidebar/allArticles/index.less
286 silly gunzTarPerm extractEntry lib/packages/front/public/js/views/main/sidebar/allArticles/index.pc
287 silly gunzTarPerm extractEntry lib/packages/front/public/js/views/main/sidebar/categories/index.js
288 silly gunzTarPerm extractEntry lib/packages/front/public/js/views/main/sidebar/categories/category/index.js
289 silly gunzTarPerm extractEntry lib/packages/front/public/js/views/main/sidebar/categories/category/articles/index.js
290 silly gunzTarPerm extractEntry lib/packages/front/public/js/views/main/sidebar/categories/category/articles/article/index.js
291 silly gunzTarPerm extractEntry lib/packages/front/public/js/views/main/sidebar/categories/category/articles/article/index.less
292 silly gunzTarPerm extractEntry lib/packages/front/public/js/views/main/sidebar/categories/category/articles/article/index.pc
293 silly gunzTarPerm extractEntry lib/packages/front/public/js/views/main/sidebar/categories/category/articles/index.less
294 silly gunzTarPerm extractEntry lib/packages/front/public/js/views/main/sidebar/categories/category/articles/index.pc
295 silly gunzTarPerm extractEntry lib/packages/front/public/js/views/main/sidebar/categories/category/index.less
296 silly gunzTarPerm extractEntry lib/packages/front/public/js/views/main/sidebar/categories/category/index.pc
297 silly gunzTarPerm extractEntry lib/packages/front/public/js/views/main/sidebar/categories/index.less
298 silly gunzTarPerm extractEntry lib/packages/front/public/js/views/main/sidebar/categories/index.pc
299 silly gunzTarPerm extractEntry lib/packages/front/public/js/views/main/sidebar/index.less
300 silly gunzTarPerm extractEntry lib/packages/front/public/js/views/main/sidebar/index.pc
301 silly gunzTarPerm extractEntry lib/packages/front/public/js/views/main/sidebar/search/index.js
302 silly gunzTarPerm extractEntry lib/packages/front/public/js/views/main/sidebar/search/index.less
303 silly gunzTarPerm extractEntry lib/packages/front/public/js/views/main/sidebar/search/index.pc
304 silly gunzTarPerm extractEntry lib/packages/front/public/vendor/bootstrap/css/bootstrap-theme.css
305 silly gunzTarPerm extractEntry lib/packages/front/public/vendor/bootstrap/css/bootstrap-theme.css.map
306 silly gunzTarPerm extractEntry lib/packages/front/public/vendor/bootstrap/css/bootstrap-theme.min.css
307 silly gunzTarPerm extractEntry lib/packages/front/public/vendor/bootstrap/css/bootstrap.css
308 silly gunzTarPerm extractEntry lib/packages/front/public/vendor/bootstrap/css/bootstrap.css.map
309 silly gunzTarPerm extractEntry lib/packages/front/public/vendor/bootstrap/css/bootstrap.min.css
310 silly gunzTarPerm extractEntry lib/packages/front/public/vendor/bootstrap/fonts/glyphicons-halflings-regular.eot
311 silly gunzTarPerm extractEntry lib/packages/front/public/vendor/bootstrap/fonts/glyphicons-halflings-regular.svg
312 silly gunzTarPerm extractEntry lib/packages/front/public/vendor/bootstrap/fonts/glyphicons-halflings-regular.ttf
313 silly gunzTarPerm extractEntry lib/packages/front/public/vendor/bootstrap/fonts/glyphicons-halflings-regular.woff
314 silly gunzTarPerm extractEntry lib/packages/front/public/vendor/bootstrap/js/bootstrap.js
315 silly gunzTarPerm extractEntry lib/packages/front/public/vendor/bootstrap/js/bootstrap.min.js
316 silly gunzTarPerm extractEntry lib/packages/front/public/vendor/css/lesshat.less
317 silly gunzTarPerm extractEntry lib/packages/front/public/vendor/js/jquery-1.11.0.min.js
318 silly gunzTarPerm extractEntry lib/packages/front/public/vendor/js/jquery.transit.js
319 silly gunzTarPerm extractEntry lib/packages/front/public/vendor/js/spin.min.js
320 silly gunzTarPerm extractEntry lib/packages/http.server/index.js
321 silly gunzTarPerm extractEntry lib/packages/models/index.js
322 silly gunzTarPerm extractEntry lib/utils/browserify/transform/index.js
323 silly gunzTarPerm extractEntry lib/utils/browserify/transform/markdown.js
324 silly gunzTarPerm extractEntry lib/utils/browserify/transform/paperclip.js
325 silly gunzTarPerm extractEntry lib/utils/browserify/transform/pcmarkdown.js
326 silly gunzTarPerm extractEntry lib/utils/marked/index.js
327 silly lockFile 6b747e66-raig-npm-mojo-docs-0-0-1-package tar:///Users/craig/.npm/mojo-docs/0.0.1/package
328 silly lockFile 6b747e66-raig-npm-mojo-docs-0-0-1-package tar:///Users/craig/.npm/mojo-docs/0.0.1/package
329 silly lockFile e7a1666c--npm-mojo-docs-0-0-1-package-tgz tar:///Users/craig/.npm/mojo-docs/0.0.1/package.tgz
330 silly lockFile e7a1666c--npm-mojo-docs-0-0-1-package-tgz tar:///Users/craig/.npm/mojo-docs/0.0.1/package.tgz
331 verbose chmod /Users/craig/.npm/mojo-docs/0.0.1/package.tgz 644
332 verbose chown /Users/craig/.npm/mojo-docs/0.0.1/package.tgz [ 501, 20 ]
333 silly lockFile 3a52ce78- .
334 silly lockFile 3a52ce78- .
335 silly publish { name: 'mojo-docs',
335 silly publish   version: '0.0.1',
335 silly publish   private: 'true',
335 silly publish   scripts: { start: 'delicorice' },
335 silly publish   repository:
335 silly publish    { type: 'git',
335 silly publish      url: 'https://github.com/classdojo/mojo-docs.git' },
335 silly publish   dependencies: { delicorice: '0.0.16' },
335 silly publish   readme: 'mojo-docs\n=========\n',
335 silly publish   readmeFilename: 'README.md',
335 silly publish   description: 'mojo-docs =========',
335 silly publish   bugs: { url: 'https://github.com/classdojo/mojo-docs/issues' },
335 silly publish   homepage: 'https://github.com/classdojo/mojo-docs',
335 silly publish   _id: 'mojo-docs@0.0.1',
335 silly publish   dist: { shasum: '536b7be3e4a42939e93cdfea811ab2d7eca43c31' },
335 silly publish   _from: '.' }
336 error Error: This package has been marked as private
336 error Remove the 'private' field from the package.json to publish it.
336 error     at publish_ (/usr/local/lib/node_modules/npm/lib/publish.js:91:31)
336 error     at Array.1 (/usr/local/lib/node_modules/npm/node_modules/slide/lib/bind-actor.js:15:8)
336 error     at LOOP (/usr/local/lib/node_modules/npm/node_modules/slide/lib/chain.js:15:14)
336 error     at LOOP (/usr/local/lib/node_modules/npm/node_modules/slide/lib/chain.js:14:28)
336 error     at chain (/usr/local/lib/node_modules/npm/node_modules/slide/lib/chain.js:20:5)
336 error     at /usr/local/lib/node_modules/npm/lib/publish.js:59:5
336 error     at /usr/local/lib/node_modules/npm/lib/cache.js:878:14
336 error     at /usr/local/lib/node_modules/npm/node_modules/lockfile/lockfile.js:61:41
336 error     at Object.oncomplete (fs.js:107:15)
337 error If you need help, you may report this *entire* log,
337 error including the npm and node versions, at:
337 error     <http://github.com/npm/npm/issues>
338 error System Darwin 13.2.0
339 error command "node" "/usr/local/bin/npm" "publish"
340 error cwd /Users/craig/Developer/Jobs/classdojo/mojo-docs
341 error node -v v0.10.26
342 error npm -v 1.4.3
343 verbose exit [ 1, true ]
